[@] SESSION STARTED: Lang [ en ] at [ 1667307278 ]
Initializing Async Task
Authorized1
Start Closing Session....
End of Session
Session Closed
[@] SESSION STARTED: Lang [ en ] at [ 1667307372 ]
Captcha:  AiVRDXTS
[@] SESSION STARTED: Lang [ en ] at [ 1667308038 ]
[@] SESSION STARTED: Lang [ en ] at [ 1667308496 ]
[@] SESSION STARTED: Lang [ en ] at [ 1667308769 ]
[@] SESSION STARTED: Lang [ en ] at [ 1667312063 ]
[@] SESSION STARTED: Lang [ en ] at [ 1667312090 ]
[@] SESSION STARTED: Lang [ en ] at [ 1667312116 ]
[@] SESSION STARTED: Lang [ en ] at [ 1667312128 ]
[@] SESSION STARTED: Lang [ en ] at [ 1667312226 ]
[@] SESSION STARTED: Lang [ en ] at [ 1667312260 ]
[@] SESSION STARTED: Lang [ en ] at [ 1667312273 ]
[@] SESSION STARTED: Lang [ en ] at [ 1667312308 ]
Initializing Async Task
[@] SESSION STARTED: Lang [ en ] at [ 1667312542 ]
Authorized1
Start Closing Session....
End of Session
Session Closed
[@] SESSION STARTED: Lang [ en ] at [ 1667312549 ]
[@] SESSION STARTED: Lang [ en ] at [ 1667314168 ]
Authorized1
Start Closing Session....
End of Session
Session Closed
[@] SESSION STARTED: Lang [ en ] at [ 1667314204 ]
Authorized1
Start Closing Session....
End of Session
Session Closed
[@] SESSION STARTED: Lang [ en ] at [ 1667314223 ]
Authorized1
Start Closing Session....
End of Session
Session Closed
[@] SESSION STARTED: Lang [ en ] at [ 1667314234 ]
[@] SESSION STARTED: Lang [ en ] at [ 1667314452 ]
Authorized1
Start Closing Session....
End of Session
Session Closed
[@] SESSION STARTED: Lang [ en ] at [ 1667314463 ]
[@] SESSION STARTED: Lang [ en ] at [ 1667314990 ]
[@] SESSION STARTED: Lang [ en ] at [ 1667316729 ]
[@] SESSION STARTED: Lang [ en ] at [ 1667317677 ]
[@] SESSION STARTED: Lang [ en ] at [ 1667318105 ]
[@] SESSION STARTED: Lang [ en ] at [ 1667318508 ]
[@] SESSION STARTED: Lang [ en ] at [ 1667318689 ]
[@] SESSION STARTED: Lang [ en ] at [ 1667318893 ]
[@] SESSION STARTED: Lang [ en ] at [ 1667318945 ]
[@] SESSION STARTED: Lang [ en ] at [ 1667319093 ]
[@] SESSION STARTED: Lang [ en ] at [ 1667319171 ]
[@] SESSION STARTED: Lang [ en ] at [ 1667319407 ]
[@] SESSION STARTED: Lang [ en ] at [ 1667320399 ]
[@] SESSION STARTED: Lang [ en ] at [ 1667320505 ]
Captcha:  tWpDsTxn
[@] SESSION STARTED: Lang [ en ] at [ 1667321185 ]
[@] SESSION STARTED: Lang [ en ] at [ 1667321655 ]
Captcha:  qTbfxoVM
Authorized4
Start Closing Session....
End of Session
Session Closed
[@] SESSION STARTED: Lang [ en ] at [ 1667322087 ]
Captcha:  slCOQZpE
Captcha:  LDVcQCAE
Captcha:  TfuIiBXh
[@] SESSION STARTED: Lang [ en ] at [ 1667322652 ]
